\BOOKMARK [0][-]{Doc-Start}{Acknowledgements}{}% 1
\BOOKMARK [0][-]{chapter.1}{Introduction}{}% 2
\BOOKMARK [0][-]{chapter.2}{Background}{}% 3
\BOOKMARK [1][-]{section.2.1}{Mechanical Design}{chapter.2}% 4
\BOOKMARK [1][-]{section.2.2}{Forward Kinematics}{chapter.2}% 5
\BOOKMARK [1][-]{section.2.3}{Inverse Kinematics}{chapter.2}% 6
\BOOKMARK [2][-]{subsection.2.3.1}{The Jacobian Matrix and the Jacobian Pseudoinverse}{section.2.3}% 7
\BOOKMARK [1][-]{section.2.4}{The V-REP Simulation Environment}{chapter.2}% 8
\BOOKMARK [2][-]{subsection.2.4.1}{Introduction to V-REP}{section.2.4}% 9
\BOOKMARK [2][-]{subsection.2.4.2}{Dampened Least Squares}{section.2.4}% 10
\BOOKMARK [0][-]{chapter.3}{Method}{}% 11
\BOOKMARK [1][-]{section.3.1}{Remote Center of Motion Constraint}{chapter.3}% 12
\BOOKMARK [1][-]{section.3.2}{Controller Design}{chapter.3}% 13
\BOOKMARK [1][-]{section.3.3}{Control Loop}{chapter.3}% 14
\BOOKMARK [1][-]{section.3.4}{Measuring the Accuracy of the RCM position}{chapter.3}% 15
\BOOKMARK [1][-]{section.3.5}{Modelling the Surgical Robot in V-REP}{chapter.3}% 16
\BOOKMARK [2][-]{subsection.3.5.1}{Defining the Inverse Kinematic Task}{section.3.5}% 17
\BOOKMARK [0][-]{chapter.4}{Results}{}% 18
\BOOKMARK [1][-]{section.4.1}{Accuracy of the Jacobian Pseudoinverse Method}{chapter.4}% 19
\BOOKMARK [2][-]{subsection.4.1.1}{Choosing the Matrix K}{section.4.1}% 20
\BOOKMARK [2][-]{subsection.4.1.2}{Error in the RCM Position}{section.4.1}% 21
\BOOKMARK [1][-]{section.4.2}{Accuracy of the Dampened Least Squares Method}{chapter.4}% 22
\BOOKMARK [0][-]{chapter.5}{Conclusion}{}% 23
\BOOKMARK [0][-]{chapter.6}{Appendix}{}% 24
